bounce: 113, 46
bounce: 139, 33
bounce: 77, 2
bounce: 3, 39
bounce: 17, 46
bounce: 105, 2
bounce: 139, 19
bounce: 85, 46
bounce: 3, 5
bounce: 9, 2
bounce: 97, 46
bounce: 139, 25
bounce: 93, 2
bounce: 5, 46
bounce: 3, 45
bounce: 89, 2
bounce: 139, 27
bounce: 101, 46
bounce: 13, 2
bounce: 3, 7
bounce: 81, 46
bounce: 139, 17
bounce: 109, 2
bounce: 21, 46
bounce: 3, 37
bounce: 73, 2
bounce: 139, 35
bounce: 117, 46
bounce: 29, 2
bounce: 3, 15
bounce: 65, 46
bounce: 139, 9
bounce: 125, 2
bounce: 37, 46
bounce: 3, 29
bounce: 57, 2
bounce: 139, 43
bounce: 133, 46
bounce: 45, 2
bounce: 3, 23
bounce: 49, 46
bounce: 137, 2
bounce: 139, 3
bounce: 53, 46
bounce: 3, 21
bounce: 41, 2
bounce: 129, 46
bounce: 139, 41
bounce: 61, 2
bounce: 3, 31
bounce: 33, 46
bounce: 121, 2
bounce: 139, 11
bounce: 69, 46
bounce: 3, 13
bounce: 25, 2
bounce: 113, 46
bounce: 139, 33
bounce: 77, 2
bounce: 3, 39
bounce: 17, 46
bounce: 105, 2
bounce: 139, 19
bounce: 85, 46
bounce: 3, 5
bounce: 9, 2
bounce: 97, 46
bounce: 139, 25
bounce: 93, 2
bounce: 5, 46
bounce: 3, 45
bounce: 89, 2
bounce: 139, 27
bounce: 101, 46
bounce: 13, 2
bounce: 3, 7
bounce: 81, 46
bounce: 139, 17
bounce: 109, 2
bounce: 21, 46
bounce: 3, 37
bounce: 73, 2
bounce: 139, 35
bounce: 117, 46
bounce: 29, 2
bounce: 3, 15
bounce: 65, 46
bounce: 139, 9
bounce: 125, 2
bounce: 37, 46
bounce: 3, 29
bounce: 57, 2
bounce: 139, 43
bounce: 133, 46
bounce: 45, 2
bounce: 3, 23
bounce: 49, 46
bounce: 137, 2
bounce: 139, 3
bounce: 53, 46
bounce: 3, 21
bounce: 41, 2
bounce: 129, 46
bounce: 139, 41
bounce: 61, 2
bounce: 3, 31
bounce: 33, 46
bounce: 121, 2
bounce: 139, 11
bounce: 69, 46
bounce: 3, 13
bounce: 25, 2
bounce: 113, 46
bounce: 139, 33
bounce: 77, 2
