45, 23
45, 23
45, 23
45, 23
45, 23
45, 23
45, 23
45, 23
45, 23
45, 23
45, 23
45, 23
45, 23
45, 23
45, 23
45, 23
45, 23
45, 23
45, 23
45, 23
45, 23
45, 23
45, 23
45, 23
45, 23
45, 23
45, 23
45, 23
45, 23
45, 23
45, 23
45, 23
45, 23
45, 23
45, 23
45, 23
45, 23
45, 23
45, 23
45, 23
45, 23
45, 23
45, 23
45, 23
45, 23
45, 23
45, 23
45, 23
45, 23
up
45, 22
up
45, 21
45, 21
up
45, 20
up
45, 19
45, 19
45, 19
up
45, 18
45, 18
up
45, 17
45, 17
up
45, 16
45, 16
up
45, 15
45, 15
up
45, 14
45, 14
45, 14
45, 14
left
43, 14
left
41, 14
left
39, 14
39, 14
left
37, 14
37, 14
left
35, 14
35, 14
left
33, 14
33, 14
left
31, 14
31, 14
31, 14
31, 14
31, 14
up
31, 13
up
31, 12
up
31, 11
31, 11
up
31, 10
31, 10
up
31, 9
31, 9
up
31, 8
31, 8
up
31, 7
31, 7
up
31, 6
31, 6
up
31, 5
right
33, 5
right
35, 5
right
37, 5
37, 5
right
39, 5
39, 5
right
41, 5
41, 5
right
43, 5
43, 5
right
45, 5
45, 5
right
47, 5
down
47, 6
down
47, 7
47, 7
down
47, 8
47, 8
down
47, 9
47, 9
down
47, 10
47, 10
down
47, 11
47, 11
down
47, 12
47, 12
down
47, 13
47, 13
down
47, 14
47, 14
down
47, 15
47, 15
down
47, 16
down
47, 17
47, 17
down
47, 18
47, 18
right
49, 18
right
51, 18
right
53, 18
53, 18
right
55, 18
55, 18
right
57, 18
57, 18
right
59, 18
59, 18
right
61, 18
61, 18
right
63, 18
63, 18
right
65, 18
65, 18
right
67, 18
67, 18
right
69, 18
69, 18
right
71, 18
71, 18
right
73, 18
73, 18
right
75, 18
left
73, 18
left
71, 18
left
69, 18
left
67, 18
67, 18
left
65, 18
65, 18
left
63, 18
63, 18
left
61, 18
down
61, 19
down
61, 20
down
61, 21
61, 21
down
61, 22
61, 22
down
61, 23
61, 23
down
61, 24
61, 24
down
61, 25
61, 25
right
63, 25
right
65, 25
right
67, 25
67, 25
right
69, 25
69, 25
right
71, 25
71, 25
right
73, 25
73, 25
right
75, 25
75, 25
right
77, 25
up
77, 24
up
77, 23
up
77, 22
77, 22
up
77, 21
77, 21
up
77, 20
77, 20
up
77, 19
77, 19
77, 19
77, 19
left
75, 19
left
73, 19
left
71, 19
71, 19
left
69, 19
69, 19
left
67, 19
67, 19
left
65, 19
65, 19
left
63, 19
63, 19
63, 19
63, 19
63, 19
63, 19
63, 19
63, 19
63, 19
63, 19
63, 19
63, 19
63, 19
63, 19
63, 19
63, 19
63, 19
63, 19
63, 19
63, 19
63, 19
63, 19
